2025-05-04 22:01:42,820 [ERROR] core::insbluecore(L65): Error importing No module named 'cryptography'
Traceback (most recent call last):
  File "/Users/eduardc/miniconda3/envs/insbluemin-staticfy/lib/python3.11/site-packages/insbluemin/core/insbluecore.py", line 50, in _import_plugins
    plugin_module = importlib.import_module(f'app.{file.parent.name}.blueprint')
                    ^^^^^^^^^^^^^^^^^^^^^^^^^^^^^^^^^^^^^^^^^^^^^^^^^^^^^^^^^^^^
  File "/Users/eduardc/miniconda3/envs/insbluemin-staticfy/lib/python3.11/importlib/__init__.py", line 126, in import_module
    return _bootstrap._gcd_import(name[level:], package, level)
           ^^^^^^^^^^^^^^^^^^^^^^^^^^^^^^^^^^^^^^^^^^^^^^^^^^^^
  File "<frozen importlib._bootstrap>", line 1204, in _gcd_import
  File "<frozen importlib._bootstrap>", line 1176, in _find_and_load
  File "<frozen importlib._bootstrap>", line 1147, in _find_and_load_unlocked
  File "<frozen importlib._bootstrap>", line 690, in _load_unlocked
  File "<frozen importlib._bootstrap_external>", line 940, in exec_module
  File "<frozen importlib._bootstrap>", line 241, in _call_with_frames_removed
  File "/Volumes/HD/Work/INCDSB/_devops/docker-insblue-framework/insblue-flask/insbluemin-forms/flask/app/forms/blueprint.py", line 2, in <module>
    from .views import *
  File "/Volumes/HD/Work/INCDSB/_devops/docker-insblue-framework/insblue-flask/insbluemin-forms/flask/app/forms/views.py", line 6, in <module>
    from cryptography.fernet import Fernet
ModuleNotFoundError: No module named 'cryptography'
2025-05-04 22:15:34,547 [ERROR] core::insbluecore(L65): Error importing No module named 'hashids'
Traceback (most recent call last):
  File "/Users/eduardc/miniconda3/envs/insbluemin-staticfy/lib/python3.11/site-packages/insbluemin/core/insbluecore.py", line 50, in _import_plugins
    plugin_module = importlib.import_module(f'app.{file.parent.name}.blueprint')
                    ^^^^^^^^^^^^^^^^^^^^^^^^^^^^^^^^^^^^^^^^^^^^^^^^^^^^^^^^^^^^
  File "/Users/eduardc/miniconda3/envs/insbluemin-staticfy/lib/python3.11/importlib/__init__.py", line 126, in import_module
    return _bootstrap._gcd_import(name[level:], package, level)
           ^^^^^^^^^^^^^^^^^^^^^^^^^^^^^^^^^^^^^^^^^^^^^^^^^^^^
  File "<frozen importlib._bootstrap>", line 1204, in _gcd_import
  File "<frozen importlib._bootstrap>", line 1176, in _find_and_load
  File "<frozen importlib._bootstrap>", line 1147, in _find_and_load_unlocked
  File "<frozen importlib._bootstrap>", line 690, in _load_unlocked
  File "<frozen importlib._bootstrap_external>", line 940, in exec_module
  File "<frozen importlib._bootstrap>", line 241, in _call_with_frames_removed
  File "/Volumes/HD/Work/INCDSB/_devops/docker-insblue-framework/insblue-flask/insbluemin-forms/flask/app/forms/blueprint.py", line 2, in <module>
    from .views import *
  File "/Volumes/HD/Work/INCDSB/_devops/docker-insblue-framework/insblue-flask/insbluemin-forms/flask/app/forms/views.py", line 7, in <module>
    from hashids import Hashids
ModuleNotFoundError: No module named 'hashids'
2025-05-04 22:43:35,366 [ERROR] core::insbluecore(L65): Error importing No module named 'sqids'
Traceback (most recent call last):
  File "/Users/eduardc/miniconda3/envs/insbluemin-staticfy/lib/python3.11/site-packages/insbluemin/core/insbluecore.py", line 50, in _import_plugins
    plugin_module = importlib.import_module(f'app.{file.parent.name}.blueprint')
                    ^^^^^^^^^^^^^^^^^^^^^^^^^^^^^^^^^^^^^^^^^^^^^^^^^^^^^^^^^^^^
  File "/Users/eduardc/miniconda3/envs/insbluemin-staticfy/lib/python3.11/importlib/__init__.py", line 126, in import_module
    return _bootstrap._gcd_import(name[level:], package, level)
           ^^^^^^^^^^^^^^^^^^^^^^^^^^^^^^^^^^^^^^^^^^^^^^^^^^^^
  File "<frozen importlib._bootstrap>", line 1204, in _gcd_import
  File "<frozen importlib._bootstrap>", line 1176, in _find_and_load
  File "<frozen importlib._bootstrap>", line 1147, in _find_and_load_unlocked
  File "<frozen importlib._bootstrap>", line 690, in _load_unlocked
  File "<frozen importlib._bootstrap_external>", line 940, in exec_module
  File "<frozen importlib._bootstrap>", line 241, in _call_with_frames_removed
  File "/Volumes/HD/Work/INCDSB/_devops/docker-insblue-framework/insblue-flask/insbluemin-forms/flask/app/forms/blueprint.py", line 2, in <module>
    from .views import *
  File "/Volumes/HD/Work/INCDSB/_devops/docker-insblue-framework/insblue-flask/insbluemin-forms/flask/app/forms/views.py", line 8, in <module>
    from sqids import Sqids
ModuleNotFoundError: No module named 'sqids'
2025-05-06 11:13:13,423 [ERROR] core::insbluecore(L65): Error importing No module named 'utils'
Traceback (most recent call last):
  File "/Users/eduardc/miniconda3/envs/insbluemin-staticfy/lib/python3.11/site-packages/insbluemin/core/insbluecore.py", line 50, in _import_plugins
    plugin_module = importlib.import_module(f'app.{file.parent.name}.blueprint')
                    ^^^^^^^^^^^^^^^^^^^^^^^^^^^^^^^^^^^^^^^^^^^^^^^^^^^^^^^^^^^^
  File "/Users/eduardc/miniconda3/envs/insbluemin-staticfy/lib/python3.11/importlib/__init__.py", line 126, in import_module
    return _bootstrap._gcd_import(name[level:], package, level)
           ^^^^^^^^^^^^^^^^^^^^^^^^^^^^^^^^^^^^^^^^^^^^^^^^^^^^
  File "<frozen importlib._bootstrap>", line 1204, in _gcd_import
  File "<frozen importlib._bootstrap>", line 1176, in _find_and_load
  File "<frozen importlib._bootstrap>", line 1147, in _find_and_load_unlocked
  File "<frozen importlib._bootstrap>", line 690, in _load_unlocked
  File "<frozen importlib._bootstrap_external>", line 940, in exec_module
  File "<frozen importlib._bootstrap>", line 241, in _call_with_frames_removed
  File "/Volumes/HD/Work/INCDSB/_devops/docker-insblue-framework/insblue-flask/insbluemin-forms/flask/app/forms/blueprint.py", line 2, in <module>
    from .views import *
  File "/Volumes/HD/Work/INCDSB/_devops/docker-insblue-framework/insblue-flask/insbluemin-forms/flask/app/forms/views.py", line 9, in <module>
    from utils import check_form_permission
ModuleNotFoundError: No module named 'utils'
2025-05-06 11:15:09,242 [ERROR] core::insbluecore(L65): Error importing No module named 'utils'
Traceback (most recent call last):
  File "/Users/eduardc/miniconda3/envs/insbluemin-staticfy/lib/python3.11/site-packages/insbluemin/core/insbluecore.py", line 50, in _import_plugins
    plugin_module = importlib.import_module(f'app.{file.parent.name}.blueprint')
                    ^^^^^^^^^^^^^^^^^^^^^^^^^^^^^^^^^^^^^^^^^^^^^^^^^^^^^^^^^^^^
  File "/Users/eduardc/miniconda3/envs/insbluemin-staticfy/lib/python3.11/importlib/__init__.py", line 126, in import_module
    return _bootstrap._gcd_import(name[level:], package, level)
           ^^^^^^^^^^^^^^^^^^^^^^^^^^^^^^^^^^^^^^^^^^^^^^^^^^^^
  File "<frozen importlib._bootstrap>", line 1204, in _gcd_import
  File "<frozen importlib._bootstrap>", line 1176, in _find_and_load
  File "<frozen importlib._bootstrap>", line 1147, in _find_and_load_unlocked
  File "<frozen importlib._bootstrap>", line 690, in _load_unlocked
  File "<frozen importlib._bootstrap_external>", line 940, in exec_module
  File "<frozen importlib._bootstrap>", line 241, in _call_with_frames_removed
  File "/Volumes/HD/Work/INCDSB/_devops/docker-insblue-framework/insblue-flask/insbluemin-forms/flask/app/forms/blueprint.py", line 2, in <module>
    from .views import *
  File "/Volumes/HD/Work/INCDSB/_devops/docker-insblue-framework/insblue-flask/insbluemin-forms/flask/app/forms/views.py", line 9, in <module>
    from utils import check_form_permission, get_session_user
ModuleNotFoundError: No module named 'utils'
2025-05-06 11:15:52,084 [ERROR] core::insbluecore(L65): Error importing No module named 'utils'
Traceback (most recent call last):
  File "/Users/eduardc/miniconda3/envs/insbluemin-staticfy/lib/python3.11/site-packages/insbluemin/core/insbluecore.py", line 50, in _import_plugins
    plugin_module = importlib.import_module(f'app.{file.parent.name}.blueprint')
                    ^^^^^^^^^^^^^^^^^^^^^^^^^^^^^^^^^^^^^^^^^^^^^^^^^^^^^^^^^^^^
  File "/Users/eduardc/miniconda3/envs/insbluemin-staticfy/lib/python3.11/importlib/__init__.py", line 126, in import_module
    return _bootstrap._gcd_import(name[level:], package, level)
           ^^^^^^^^^^^^^^^^^^^^^^^^^^^^^^^^^^^^^^^^^^^^^^^^^^^^
  File "<frozen importlib._bootstrap>", line 1204, in _gcd_import
  File "<frozen importlib._bootstrap>", line 1176, in _find_and_load
  File "<frozen importlib._bootstrap>", line 1147, in _find_and_load_unlocked
  File "<frozen importlib._bootstrap>", line 690, in _load_unlocked
  File "<frozen importlib._bootstrap_external>", line 940, in exec_module
  File "<frozen importlib._bootstrap>", line 241, in _call_with_frames_removed
  File "/Volumes/HD/Work/INCDSB/_devops/docker-insblue-framework/insblue-flask/insbluemin-forms/flask/app/forms/blueprint.py", line 2, in <module>
    from .views import *
  File "/Volumes/HD/Work/INCDSB/_devops/docker-insblue-framework/insblue-flask/insbluemin-forms/flask/app/forms/views.py", line 9, in <module>
    from utils import check_form_permission, get_session_user
ModuleNotFoundError: No module named 'utils'
2025-05-06 11:16:09,761 [ERROR] core::insbluecore(L65): Error importing No module named 'utils'
Traceback (most recent call last):
  File "/Users/eduardc/miniconda3/envs/insbluemin-staticfy/lib/python3.11/site-packages/insbluemin/core/insbluecore.py", line 50, in _import_plugins
    plugin_module = importlib.import_module(f'app.{file.parent.name}.blueprint')
                    ^^^^^^^^^^^^^^^^^^^^^^^^^^^^^^^^^^^^^^^^^^^^^^^^^^^^^^^^^^^^
  File "/Users/eduardc/miniconda3/envs/insbluemin-staticfy/lib/python3.11/importlib/__init__.py", line 126, in import_module
    return _bootstrap._gcd_import(name[level:], package, level)
           ^^^^^^^^^^^^^^^^^^^^^^^^^^^^^^^^^^^^^^^^^^^^^^^^^^^^
  File "<frozen importlib._bootstrap>", line 1204, in _gcd_import
  File "<frozen importlib._bootstrap>", line 1176, in _find_and_load
  File "<frozen importlib._bootstrap>", line 1147, in _find_and_load_unlocked
  File "<frozen importlib._bootstrap>", line 690, in _load_unlocked
  File "<frozen importlib._bootstrap_external>", line 940, in exec_module
  File "<frozen importlib._bootstrap>", line 241, in _call_with_frames_removed
  File "/Volumes/HD/Work/INCDSB/_devops/docker-insblue-framework/insblue-flask/insbluemin-forms/flask/app/forms/blueprint.py", line 2, in <module>
    from .views import *
  File "/Volumes/HD/Work/INCDSB/_devops/docker-insblue-framework/insblue-flask/insbluemin-forms/flask/app/forms/views.py", line 9, in <module>
    from utils import check_form_permission, get_session_user
ModuleNotFoundError: No module named 'utils'
2025-05-06 11:16:11,608 [ERROR] core::insbluecore(L65): Error importing No module named 'utils'
Traceback (most recent call last):
  File "/Users/eduardc/miniconda3/envs/insbluemin-staticfy/lib/python3.11/site-packages/insbluemin/core/insbluecore.py", line 50, in _import_plugins
    plugin_module = importlib.import_module(f'app.{file.parent.name}.blueprint')
                    ^^^^^^^^^^^^^^^^^^^^^^^^^^^^^^^^^^^^^^^^^^^^^^^^^^^^^^^^^^^^
  File "/Users/eduardc/miniconda3/envs/insbluemin-staticfy/lib/python3.11/importlib/__init__.py", line 126, in import_module
    return _bootstrap._gcd_import(name[level:], package, level)
           ^^^^^^^^^^^^^^^^^^^^^^^^^^^^^^^^^^^^^^^^^^^^^^^^^^^^
  File "<frozen importlib._bootstrap>", line 1204, in _gcd_import
  File "<frozen importlib._bootstrap>", line 1176, in _find_and_load
  File "<frozen importlib._bootstrap>", line 1147, in _find_and_load_unlocked
  File "<frozen importlib._bootstrap>", line 690, in _load_unlocked
  File "<frozen importlib._bootstrap_external>", line 940, in exec_module
  File "<frozen importlib._bootstrap>", line 241, in _call_with_frames_removed
  File "/Volumes/HD/Work/INCDSB/_devops/docker-insblue-framework/insblue-flask/insbluemin-forms/flask/app/forms/blueprint.py", line 2, in <module>
    from .views import *
  File "/Volumes/HD/Work/INCDSB/_devops/docker-insblue-framework/insblue-flask/insbluemin-forms/flask/app/forms/views.py", line 9, in <module>
    from utils import check_form_permission, get_session_user
ModuleNotFoundError: No module named 'utils'
2025-05-06 11:16:12,152 [ERROR] core::insbluecore(L65): Error importing No module named 'utils'
Traceback (most recent call last):
  File "/Users/eduardc/miniconda3/envs/insbluemin-staticfy/lib/python3.11/site-packages/insbluemin/core/insbluecore.py", line 50, in _import_plugins
    plugin_module = importlib.import_module(f'app.{file.parent.name}.blueprint')
                    ^^^^^^^^^^^^^^^^^^^^^^^^^^^^^^^^^^^^^^^^^^^^^^^^^^^^^^^^^^^^
  File "/Users/eduardc/miniconda3/envs/insbluemin-staticfy/lib/python3.11/importlib/__init__.py", line 126, in import_module
    return _bootstrap._gcd_import(name[level:], package, level)
           ^^^^^^^^^^^^^^^^^^^^^^^^^^^^^^^^^^^^^^^^^^^^^^^^^^^^
  File "<frozen importlib._bootstrap>", line 1204, in _gcd_import
  File "<frozen importlib._bootstrap>", line 1176, in _find_and_load
  File "<frozen importlib._bootstrap>", line 1147, in _find_and_load_unlocked
  File "<frozen importlib._bootstrap>", line 690, in _load_unlocked
  File "<frozen importlib._bootstrap_external>", line 940, in exec_module
  File "<frozen importlib._bootstrap>", line 241, in _call_with_frames_removed
  File "/Volumes/HD/Work/INCDSB/_devops/docker-insblue-framework/insblue-flask/insbluemin-forms/flask/app/forms/blueprint.py", line 2, in <module>
    from .views import *
  File "/Volumes/HD/Work/INCDSB/_devops/docker-insblue-framework/insblue-flask/insbluemin-forms/flask/app/forms/views.py", line 9, in <module>
    from utils import check_form_permission, get_session_user
ModuleNotFoundError: No module named 'utils'
2025-05-06 11:17:19,096 [ERROR] core::insbluecore(L65): Error importing No module named 'utils'
Traceback (most recent call last):
  File "/Users/eduardc/miniconda3/envs/insbluemin-staticfy/lib/python3.11/site-packages/insbluemin/core/insbluecore.py", line 50, in _import_plugins
    plugin_module = importlib.import_module(f'app.{file.parent.name}.blueprint')
                    ^^^^^^^^^^^^^^^^^^^^^^^^^^^^^^^^^^^^^^^^^^^^^^^^^^^^^^^^^^^^
  File "/Users/eduardc/miniconda3/envs/insbluemin-staticfy/lib/python3.11/importlib/__init__.py", line 126, in import_module
    return _bootstrap._gcd_import(name[level:], package, level)
           ^^^^^^^^^^^^^^^^^^^^^^^^^^^^^^^^^^^^^^^^^^^^^^^^^^^^
  File "<frozen importlib._bootstrap>", line 1204, in _gcd_import
  File "<frozen importlib._bootstrap>", line 1176, in _find_and_load
  File "<frozen importlib._bootstrap>", line 1147, in _find_and_load_unlocked
  File "<frozen importlib._bootstrap>", line 690, in _load_unlocked
  File "<frozen importlib._bootstrap_external>", line 940, in exec_module
  File "<frozen importlib._bootstrap>", line 241, in _call_with_frames_removed
  File "/Volumes/HD/Work/INCDSB/_devops/docker-insblue-framework/insblue-flask/insbluemin-forms/flask/app/forms/blueprint.py", line 2, in <module>
    from .views import *
  File "/Volumes/HD/Work/INCDSB/_devops/docker-insblue-framework/insblue-flask/insbluemin-forms/flask/app/forms/views.py", line 9, in <module>
    from utils import check_form_permission, get_session_user
ModuleNotFoundError: No module named 'utils'
2025-05-06 11:17:29,701 [ERROR] core::insbluecore(L65): Error importing No module named 'utils'
Traceback (most recent call last):
  File "/Users/eduardc/miniconda3/envs/insbluemin-staticfy/lib/python3.11/site-packages/insbluemin/core/insbluecore.py", line 50, in _import_plugins
    plugin_module = importlib.import_module(f'app.{file.parent.name}.blueprint')
                    ^^^^^^^^^^^^^^^^^^^^^^^^^^^^^^^^^^^^^^^^^^^^^^^^^^^^^^^^^^^^
  File "/Users/eduardc/miniconda3/envs/insbluemin-staticfy/lib/python3.11/importlib/__init__.py", line 126, in import_module
    return _bootstrap._gcd_import(name[level:], package, level)
           ^^^^^^^^^^^^^^^^^^^^^^^^^^^^^^^^^^^^^^^^^^^^^^^^^^^^
  File "<frozen importlib._bootstrap>", line 1204, in _gcd_import
  File "<frozen importlib._bootstrap>", line 1176, in _find_and_load
  File "<frozen importlib._bootstrap>", line 1147, in _find_and_load_unlocked
  File "<frozen importlib._bootstrap>", line 690, in _load_unlocked
  File "<frozen importlib._bootstrap_external>", line 940, in exec_module
  File "<frozen importlib._bootstrap>", line 241, in _call_with_frames_removed
  File "/Volumes/HD/Work/INCDSB/_devops/docker-insblue-framework/insblue-flask/insbluemin-forms/flask/app/forms/blueprint.py", line 2, in <module>
    from .views import *
  File "/Volumes/HD/Work/INCDSB/_devops/docker-insblue-framework/insblue-flask/insbluemin-forms/flask/app/forms/views.py", line 9, in <module>
    from utils import check_form_permission, get_session_user
ModuleNotFoundError: No module named 'utils'
2025-05-06 11:18:43,343 [ERROR] core::insbluecore(L65): Error importing No module named 'utils'
Traceback (most recent call last):
  File "/Users/eduardc/miniconda3/envs/insbluemin-staticfy/lib/python3.11/site-packages/insbluemin/core/insbluecore.py", line 50, in _import_plugins
    plugin_module = importlib.import_module(f'app.{file.parent.name}.blueprint')
                    ^^^^^^^^^^^^^^^^^^^^^^^^^^^^^^^^^^^^^^^^^^^^^^^^^^^^^^^^^^^^
  File "/Users/eduardc/miniconda3/envs/insbluemin-staticfy/lib/python3.11/importlib/__init__.py", line 126, in import_module
    return _bootstrap._gcd_import(name[level:], package, level)
           ^^^^^^^^^^^^^^^^^^^^^^^^^^^^^^^^^^^^^^^^^^^^^^^^^^^^
  File "<frozen importlib._bootstrap>", line 1204, in _gcd_import
  File "<frozen importlib._bootstrap>", line 1176, in _find_and_load
  File "<frozen importlib._bootstrap>", line 1147, in _find_and_load_unlocked
  File "<frozen importlib._bootstrap>", line 690, in _load_unlocked
  File "<frozen importlib._bootstrap_external>", line 940, in exec_module
  File "<frozen importlib._bootstrap>", line 241, in _call_with_frames_removed
  File "/Volumes/HD/Work/INCDSB/_devops/docker-insblue-framework/insblue-flask/insbluemin-forms/flask/app/forms/blueprint.py", line 2, in <module>
    from .views import *
  File "/Volumes/HD/Work/INCDSB/_devops/docker-insblue-framework/insblue-flask/insbluemin-forms/flask/app/forms/views.py", line 9, in <module>
    from utils import check_form_permission, get_session_user
ModuleNotFoundError: No module named 'utils'
2025-05-06 11:18:43,849 [ERROR] core::insbluecore(L65): Error importing No module named 'utils'
Traceback (most recent call last):
  File "/Users/eduardc/miniconda3/envs/insbluemin-staticfy/lib/python3.11/site-packages/insbluemin/core/insbluecore.py", line 50, in _import_plugins
    plugin_module = importlib.import_module(f'app.{file.parent.name}.blueprint')
                    ^^^^^^^^^^^^^^^^^^^^^^^^^^^^^^^^^^^^^^^^^^^^^^^^^^^^^^^^^^^^
  File "/Users/eduardc/miniconda3/envs/insbluemin-staticfy/lib/python3.11/importlib/__init__.py", line 126, in import_module
    return _bootstrap._gcd_import(name[level:], package, level)
           ^^^^^^^^^^^^^^^^^^^^^^^^^^^^^^^^^^^^^^^^^^^^^^^^^^^^
  File "<frozen importlib._bootstrap>", line 1204, in _gcd_import
  File "<frozen importlib._bootstrap>", line 1176, in _find_and_load
  File "<frozen importlib._bootstrap>", line 1147, in _find_and_load_unlocked
  File "<frozen importlib._bootstrap>", line 690, in _load_unlocked
  File "<frozen importlib._bootstrap_external>", line 940, in exec_module
  File "<frozen importlib._bootstrap>", line 241, in _call_with_frames_removed
  File "/Volumes/HD/Work/INCDSB/_devops/docker-insblue-framework/insblue-flask/insbluemin-forms/flask/app/forms/blueprint.py", line 2, in <module>
    from .views import *
  File "/Volumes/HD/Work/INCDSB/_devops/docker-insblue-framework/insblue-flask/insbluemin-forms/flask/app/forms/views.py", line 9, in <module>
    from utils import check_form_permission, get_session_user
ModuleNotFoundError: No module named 'utils'
2025-05-06 11:19:35,620 [ERROR] core::insbluecore(L65): Error importing No module named 'utils'
Traceback (most recent call last):
  File "/Users/eduardc/miniconda3/envs/insbluemin-staticfy/lib/python3.11/site-packages/insbluemin/core/insbluecore.py", line 50, in _import_plugins
    plugin_module = importlib.import_module(f'app.{file.parent.name}.blueprint')
                    ^^^^^^^^^^^^^^^^^^^^^^^^^^^^^^^^^^^^^^^^^^^^^^^^^^^^^^^^^^^^
  File "/Users/eduardc/miniconda3/envs/insbluemin-staticfy/lib/python3.11/importlib/__init__.py", line 126, in import_module
    return _bootstrap._gcd_import(name[level:], package, level)
           ^^^^^^^^^^^^^^^^^^^^^^^^^^^^^^^^^^^^^^^^^^^^^^^^^^^^
  File "<frozen importlib._bootstrap>", line 1204, in _gcd_import
  File "<frozen importlib._bootstrap>", line 1176, in _find_and_load
  File "<frozen importlib._bootstrap>", line 1147, in _find_and_load_unlocked
  File "<frozen importlib._bootstrap>", line 690, in _load_unlocked
  File "<frozen importlib._bootstrap_external>", line 940, in exec_module
  File "<frozen importlib._bootstrap>", line 241, in _call_with_frames_removed
  File "/Volumes/HD/Work/INCDSB/_devops/docker-insblue-framework/insblue-flask/insbluemin-forms/flask/app/forms/blueprint.py", line 2, in <module>
    from .views import *
  File "/Volumes/HD/Work/INCDSB/_devops/docker-insblue-framework/insblue-flask/insbluemin-forms/flask/app/forms/views.py", line 9, in <module>
    from utils import check_form_permission, get_session_user
ModuleNotFoundError: No module named 'utils'
2025-05-06 11:19:36,075 [ERROR] core::insbluecore(L65): Error importing No module named 'utils'
Traceback (most recent call last):
  File "/Users/eduardc/miniconda3/envs/insbluemin-staticfy/lib/python3.11/site-packages/insbluemin/core/insbluecore.py", line 50, in _import_plugins
    plugin_module = importlib.import_module(f'app.{file.parent.name}.blueprint')
                    ^^^^^^^^^^^^^^^^^^^^^^^^^^^^^^^^^^^^^^^^^^^^^^^^^^^^^^^^^^^^
  File "/Users/eduardc/miniconda3/envs/insbluemin-staticfy/lib/python3.11/importlib/__init__.py", line 126, in import_module
    return _bootstrap._gcd_import(name[level:], package, level)
           ^^^^^^^^^^^^^^^^^^^^^^^^^^^^^^^^^^^^^^^^^^^^^^^^^^^^
  File "<frozen importlib._bootstrap>", line 1204, in _gcd_import
  File "<frozen importlib._bootstrap>", line 1176, in _find_and_load
  File "<frozen importlib._bootstrap>", line 1147, in _find_and_load_unlocked
  File "<frozen importlib._bootstrap>", line 690, in _load_unlocked
  File "<frozen importlib._bootstrap_external>", line 940, in exec_module
  File "<frozen importlib._bootstrap>", line 241, in _call_with_frames_removed
  File "/Volumes/HD/Work/INCDSB/_devops/docker-insblue-framework/insblue-flask/insbluemin-forms/flask/app/forms/blueprint.py", line 2, in <module>
    from .views import *
  File "/Volumes/HD/Work/INCDSB/_devops/docker-insblue-framework/insblue-flask/insbluemin-forms/flask/app/forms/views.py", line 9, in <module>
    from utils import check_form_permission, get_session_user
ModuleNotFoundError: No module named 'utils'
2025-05-06 11:20:14,745 [ERROR] core::insbluecore(L65): Error importing No module named 'utils'
Traceback (most recent call last):
  File "/Users/eduardc/miniconda3/envs/insbluemin-staticfy/lib/python3.11/site-packages/insbluemin/core/insbluecore.py", line 50, in _import_plugins
    plugin_module = importlib.import_module(f'app.{file.parent.name}.blueprint')
                    ^^^^^^^^^^^^^^^^^^^^^^^^^^^^^^^^^^^^^^^^^^^^^^^^^^^^^^^^^^^^
  File "/Users/eduardc/miniconda3/envs/insbluemin-staticfy/lib/python3.11/importlib/__init__.py", line 126, in import_module
    return _bootstrap._gcd_import(name[level:], package, level)
           ^^^^^^^^^^^^^^^^^^^^^^^^^^^^^^^^^^^^^^^^^^^^^^^^^^^^
  File "<frozen importlib._bootstrap>", line 1204, in _gcd_import
  File "<frozen importlib._bootstrap>", line 1176, in _find_and_load
  File "<frozen importlib._bootstrap>", line 1147, in _find_and_load_unlocked
  File "<frozen importlib._bootstrap>", line 690, in _load_unlocked
  File "<frozen importlib._bootstrap_external>", line 940, in exec_module
  File "<frozen importlib._bootstrap>", line 241, in _call_with_frames_removed
  File "/Volumes/HD/Work/INCDSB/_devops/docker-insblue-framework/insblue-flask/insbluemin-forms/flask/app/forms/blueprint.py", line 2, in <module>
    from .views import *
  File "/Volumes/HD/Work/INCDSB/_devops/docker-insblue-framework/insblue-flask/insbluemin-forms/flask/app/forms/views.py", line 9, in <module>
    from utils import check_form_permission, get_session_user
ModuleNotFoundError: No module named 'utils'
2025-05-06 11:21:33,255 [ERROR] core::insbluecore(L65): Error importing No module named 'utils'
Traceback (most recent call last):
  File "/Users/eduardc/miniconda3/envs/insbluemin-staticfy/lib/python3.11/site-packages/insbluemin/core/insbluecore.py", line 50, in _import_plugins
    plugin_module = importlib.import_module(f'app.{file.parent.name}.blueprint')
                    ^^^^^^^^^^^^^^^^^^^^^^^^^^^^^^^^^^^^^^^^^^^^^^^^^^^^^^^^^^^^
  File "/Users/eduardc/miniconda3/envs/insbluemin-staticfy/lib/python3.11/importlib/__init__.py", line 126, in import_module
    return _bootstrap._gcd_import(name[level:], package, level)
           ^^^^^^^^^^^^^^^^^^^^^^^^^^^^^^^^^^^^^^^^^^^^^^^^^^^^
  File "<frozen importlib._bootstrap>", line 1204, in _gcd_import
  File "<frozen importlib._bootstrap>", line 1176, in _find_and_load
  File "<frozen importlib._bootstrap>", line 1147, in _find_and_load_unlocked
  File "<frozen importlib._bootstrap>", line 690, in _load_unlocked
  File "<frozen importlib._bootstrap_external>", line 940, in exec_module
  File "<frozen importlib._bootstrap>", line 241, in _call_with_frames_removed
  File "/Volumes/HD/Work/INCDSB/_devops/docker-insblue-framework/insblue-flask/insbluemin-forms/flask/app/forms/blueprint.py", line 2, in <module>
    from .views import *
  File "/Volumes/HD/Work/INCDSB/_devops/docker-insblue-framework/insblue-flask/insbluemin-forms/flask/app/forms/views.py", line 10, in <module>
    from utils import check_form_permission, get_session_user
ModuleNotFoundError: No module named 'utils'
2025-05-06 11:21:42,879 [ERROR] core::insbluecore(L65): Error importing No module named 'utils'
Traceback (most recent call last):
  File "/Users/eduardc/miniconda3/envs/insbluemin-staticfy/lib/python3.11/site-packages/insbluemin/core/insbluecore.py", line 50, in _import_plugins
    plugin_module = importlib.import_module(f'app.{file.parent.name}.blueprint')
                    ^^^^^^^^^^^^^^^^^^^^^^^^^^^^^^^^^^^^^^^^^^^^^^^^^^^^^^^^^^^^
  File "/Users/eduardc/miniconda3/envs/insbluemin-staticfy/lib/python3.11/importlib/__init__.py", line 126, in import_module
    return _bootstrap._gcd_import(name[level:], package, level)
           ^^^^^^^^^^^^^^^^^^^^^^^^^^^^^^^^^^^^^^^^^^^^^^^^^^^^
  File "<frozen importlib._bootstrap>", line 1204, in _gcd_import
  File "<frozen importlib._bootstrap>", line 1176, in _find_and_load
  File "<frozen importlib._bootstrap>", line 1147, in _find_and_load_unlocked
  File "<frozen importlib._bootstrap>", line 690, in _load_unlocked
  File "<frozen importlib._bootstrap_external>", line 940, in exec_module
  File "<frozen importlib._bootstrap>", line 241, in _call_with_frames_removed
  File "/Volumes/HD/Work/INCDSB/_devops/docker-insblue-framework/insblue-flask/insbluemin-forms/flask/app/forms/blueprint.py", line 2, in <module>
    from .views import *
  File "/Volumes/HD/Work/INCDSB/_devops/docker-insblue-framework/insblue-flask/insbluemin-forms/flask/app/forms/views.py", line 10, in <module>
    from utils import check_form_permission, get_session_user
ModuleNotFoundError: No module named 'utils'
2025-05-06 12:08:05,209 [ERROR] core::insbluecore(L65): Error importing cannot import name 'get_session_user' from 'app.forms.utils' (/Volumes/HD/Work/INCDSB/_devops/docker-insblue-framework/insblue-flask/insbluemin-forms/flask/app/forms/utils.py)
Traceback (most recent call last):
  File "/Users/eduardc/miniconda3/envs/insbluemin-staticfy/lib/python3.11/site-packages/insbluemin/core/insbluecore.py", line 50, in _import_plugins
    plugin_module = importlib.import_module(f'app.{file.parent.name}.blueprint')
                    ^^^^^^^^^^^^^^^^^^^^^^^^^^^^^^^^^^^^^^^^^^^^^^^^^^^^^^^^^^^^
  File "/Users/eduardc/miniconda3/envs/insbluemin-staticfy/lib/python3.11/importlib/__init__.py", line 126, in import_module
    return _bootstrap._gcd_import(name[level:], package, level)
           ^^^^^^^^^^^^^^^^^^^^^^^^^^^^^^^^^^^^^^^^^^^^^^^^^^^^
  File "<frozen importlib._bootstrap>", line 1204, in _gcd_import
  File "<frozen importlib._bootstrap>", line 1176, in _find_and_load
  File "<frozen importlib._bootstrap>", line 1147, in _find_and_load_unlocked
  File "<frozen importlib._bootstrap>", line 690, in _load_unlocked
  File "<frozen importlib._bootstrap_external>", line 940, in exec_module
  File "<frozen importlib._bootstrap>", line 241, in _call_with_frames_removed
  File "/Volumes/HD/Work/INCDSB/_devops/docker-insblue-framework/insblue-flask/insbluemin-forms/flask/app/forms/blueprint.py", line 2, in <module>
    from .views import *
  File "/Volumes/HD/Work/INCDSB/_devops/docker-insblue-framework/insblue-flask/insbluemin-forms/flask/app/forms/views.py", line 10, in <module>
    from .utils import check_form_permission, get_session_user
ImportError: cannot import name 'get_session_user' from 'app.forms.utils' (/Volumes/HD/Work/INCDSB/_devops/docker-insblue-framework/insblue-flask/insbluemin-forms/flask/app/forms/utils.py)
2025-05-06 12:08:09,604 [ERROR] core::insbluecore(L65): Error importing cannot import name 'get_session_user' from 'app.forms.utils' (/Volumes/HD/Work/INCDSB/_devops/docker-insblue-framework/insblue-flask/insbluemin-forms/flask/app/forms/utils.py)
Traceback (most recent call last):
  File "/Users/eduardc/miniconda3/envs/insbluemin-staticfy/lib/python3.11/site-packages/insbluemin/core/insbluecore.py", line 50, in _import_plugins
    plugin_module = importlib.import_module(f'app.{file.parent.name}.blueprint')
                    ^^^^^^^^^^^^^^^^^^^^^^^^^^^^^^^^^^^^^^^^^^^^^^^^^^^^^^^^^^^^
  File "/Users/eduardc/miniconda3/envs/insbluemin-staticfy/lib/python3.11/importlib/__init__.py", line 126, in import_module
    return _bootstrap._gcd_import(name[level:], package, level)
           ^^^^^^^^^^^^^^^^^^^^^^^^^^^^^^^^^^^^^^^^^^^^^^^^^^^^
  File "<frozen importlib._bootstrap>", line 1204, in _gcd_import
  File "<frozen importlib._bootstrap>", line 1176, in _find_and_load
  File "<frozen importlib._bootstrap>", line 1147, in _find_and_load_unlocked
  File "<frozen importlib._bootstrap>", line 690, in _load_unlocked
  File "<frozen importlib._bootstrap_external>", line 940, in exec_module
  File "<frozen importlib._bootstrap>", line 241, in _call_with_frames_removed
  File "/Volumes/HD/Work/INCDSB/_devops/docker-insblue-framework/insblue-flask/insbluemin-forms/flask/app/forms/blueprint.py", line 2, in <module>
    from .views import *
  File "/Volumes/HD/Work/INCDSB/_devops/docker-insblue-framework/insblue-flask/insbluemin-forms/flask/app/forms/views.py", line 10, in <module>
    from .utils import check_form_permission, get_session_user
ImportError: cannot import name 'get_session_user' from 'app.forms.utils' (/Volumes/HD/Work/INCDSB/_devops/docker-insblue-framework/insblue-flask/insbluemin-forms/flask/app/forms/utils.py)
2025-05-06 12:08:10,257 [ERROR] core::insbluecore(L65): Error importing cannot import name 'get_session_user' from 'app.forms.utils' (/Volumes/HD/Work/INCDSB/_devops/docker-insblue-framework/insblue-flask/insbluemin-forms/flask/app/forms/utils.py)
Traceback (most recent call last):
  File "/Users/eduardc/miniconda3/envs/insbluemin-staticfy/lib/python3.11/site-packages/insbluemin/core/insbluecore.py", line 50, in _import_plugins
    plugin_module = importlib.import_module(f'app.{file.parent.name}.blueprint')
                    ^^^^^^^^^^^^^^^^^^^^^^^^^^^^^^^^^^^^^^^^^^^^^^^^^^^^^^^^^^^^
  File "/Users/eduardc/miniconda3/envs/insbluemin-staticfy/lib/python3.11/importlib/__init__.py", line 126, in import_module
    return _bootstrap._gcd_import(name[level:], package, level)
           ^^^^^^^^^^^^^^^^^^^^^^^^^^^^^^^^^^^^^^^^^^^^^^^^^^^^
  File "<frozen importlib._bootstrap>", line 1204, in _gcd_import
  File "<frozen importlib._bootstrap>", line 1176, in _find_and_load
  File "<frozen importlib._bootstrap>", line 1147, in _find_and_load_unlocked
  File "<frozen importlib._bootstrap>", line 690, in _load_unlocked
  File "<frozen importlib._bootstrap_external>", line 940, in exec_module
  File "<frozen importlib._bootstrap>", line 241, in _call_with_frames_removed
  File "/Volumes/HD/Work/INCDSB/_devops/docker-insblue-framework/insblue-flask/insbluemin-forms/flask/app/forms/blueprint.py", line 2, in <module>
    from .views import *
  File "/Volumes/HD/Work/INCDSB/_devops/docker-insblue-framework/insblue-flask/insbluemin-forms/flask/app/forms/views.py", line 10, in <module>
    from .utils import check_form_permission, get_session_user
ImportError: cannot import name 'get_session_user' from 'app.forms.utils' (/Volumes/HD/Work/INCDSB/_devops/docker-insblue-framework/insblue-flask/insbluemin-forms/flask/app/forms/utils.py)
2025-05-06 12:38:11,472 [ERROR] core::insbluecore(L65): Error importing cannot import name 'check_form_permission' from 'app.forms.utils' (/Volumes/HD/Work/INCDSB/_devops/docker-insblue-framework/insblue-flask/insbluemin-forms/flask/app/forms/utils.py)
Traceback (most recent call last):
  File "/Users/eduardc/miniconda3/envs/insbluemin-staticfy/lib/python3.11/site-packages/insbluemin/core/insbluecore.py", line 50, in _import_plugins
    plugin_module = importlib.import_module(f'app.{file.parent.name}.blueprint')
                    ^^^^^^^^^^^^^^^^^^^^^^^^^^^^^^^^^^^^^^^^^^^^^^^^^^^^^^^^^^^^
  File "/Users/eduardc/miniconda3/envs/insbluemin-staticfy/lib/python3.11/importlib/__init__.py", line 126, in import_module
    return _bootstrap._gcd_import(name[level:], package, level)
           ^^^^^^^^^^^^^^^^^^^^^^^^^^^^^^^^^^^^^^^^^^^^^^^^^^^^
  File "<frozen importlib._bootstrap>", line 1204, in _gcd_import
  File "<frozen importlib._bootstrap>", line 1176, in _find_and_load
  File "<frozen importlib._bootstrap>", line 1147, in _find_and_load_unlocked
  File "<frozen importlib._bootstrap>", line 690, in _load_unlocked
  File "<frozen importlib._bootstrap_external>", line 940, in exec_module
  File "<frozen importlib._bootstrap>", line 241, in _call_with_frames_removed
  File "/Volumes/HD/Work/INCDSB/_devops/docker-insblue-framework/insblue-flask/insbluemin-forms/flask/app/forms/blueprint.py", line 2, in <module>
    from .views import *
  File "/Volumes/HD/Work/INCDSB/_devops/docker-insblue-framework/insblue-flask/insbluemin-forms/flask/app/forms/views.py", line 7, in <module>
    from .utils import check_form_permission
ImportError: cannot import name 'check_form_permission' from 'app.forms.utils' (/Volumes/HD/Work/INCDSB/_devops/docker-insblue-framework/insblue-flask/insbluemin-forms/flask/app/forms/utils.py)
