2025-05-06 21:06:32,079 [INFO] auth_manager::auth_manager(L125): eduard.milea@incdsb.ro logged in successfully
2025-05-06 21:06:32,961 [INFO] auth_manager::auth_manager(L125): eduard.milea@incdsb.ro logged in successfully
2025-05-06 21:06:33,626 [INFO] auth_manager::auth_manager(L125): eduard.milea@incdsb.ro logged in successfully
2025-05-06 21:06:34,301 [INFO] auth_manager::auth_manager(L125): eduard.milea@incdsb.ro logged in successfully
2025-05-06 21:06:34,973 [INFO] auth_manager::auth_manager(L125): eduard.milea@incdsb.ro logged in successfully
2025-05-06 21:06:35,639 [INFO] auth_manager::auth_manager(L125): eduard.milea@incdsb.ro logged in successfully
2025-05-06 21:06:36,311 [INFO] auth_manager::auth_manager(L125): eduard.milea@incdsb.ro logged in successfully
2025-05-06 21:06:36,985 [INFO] auth_manager::auth_manager(L125): eduard.milea@incdsb.ro logged in successfully
2025-05-06 21:06:37,647 [INFO] auth_manager::auth_manager(L125): eduard.milea@incdsb.ro logged in successfully
2025-05-06 21:06:38,318 [INFO] auth_manager::auth_manager(L125): eduard.milea@incdsb.ro logged in successfully
2025-05-06 21:06:39,749 [INFO] auth_manager::auth_manager(L125): eduard.milea@incdsb.ro logged in successfully
2025-05-06 21:06:40,424 [INFO] auth_manager::auth_manager(L125): eduard.milea@incdsb.ro logged in successfully
2025-05-06 21:06:41,102 [INFO] auth_manager::auth_manager(L125): eduard.milea@incdsb.ro logged in successfully
2025-05-06 21:06:41,918 [INFO] auth_manager::auth_manager(L125): eduard.milea@incdsb.ro logged in successfully
2025-05-06 21:07:18,813 [INFO] auth_manager::auth_manager(L125): eduard.milea@incdsb.ro logged in successfully
2025-05-06 21:07:19,490 [INFO] auth_manager::auth_manager(L125): eduard.milea@incdsb.ro logged in successfully
2025-05-06 21:07:20,150 [INFO] auth_manager::auth_manager(L125): eduard.milea@incdsb.ro logged in successfully
2025-05-06 21:07:20,822 [INFO] auth_manager::auth_manager(L125): eduard.milea@incdsb.ro logged in successfully
2025-05-06 21:07:21,580 [INFO] auth_manager::auth_manager(L125): eduard.milea@incdsb.ro logged in successfully
2025-05-06 21:07:22,254 [INFO] auth_manager::auth_manager(L125): eduard.milea@incdsb.ro logged in successfully
2025-05-06 21:07:23,186 [INFO] auth_manager::auth_manager(L125): eduard.milea@incdsb.ro logged in successfully
2025-05-06 21:07:23,853 [INFO] auth_manager::auth_manager(L125): eduard.milea@incdsb.ro logged in successfully
2025-05-06 21:07:24,532 [INFO] auth_manager::auth_manager(L125): eduard.milea@incdsb.ro logged in successfully
2025-05-06 21:08:12,002 [INFO] auth_manager::auth_manager(L125): eduard.milea@incdsb.ro logged in successfully
2025-05-06 21:08:12,280 [INFO] auth_manager::auth_manager(L91): User eduard.milea@incdsb.ro has accessed https://insblue.tunnelto.dev/
2025-05-06 21:08:12,747 [INFO] auth_manager::auth_manager(L91): User eduard.milea@incdsb.ro has accessed https://insblue.tunnelto.dev/assets/core/dist/css/main.css
2025-05-06 21:08:13,151 [INFO] auth_manager::auth_manager(L91): User eduard.milea@incdsb.ro has accessed https://insblue.tunnelto.dev/static/dist/js/insblu.js
2025-05-06 21:08:14,111 [INFO] auth_manager::auth_manager(L91): User eduard.milea@incdsb.ro has accessed https://insblue.tunnelto.dev/
2025-05-06 21:08:14,536 [INFO] auth_manager::auth_manager(L91): User eduard.milea@incdsb.ro has accessed https://insblue.tunnelto.dev/assets/core/dist/css/main.css
2025-05-06 21:08:14,926 [INFO] auth_manager::auth_manager(L91): User eduard.milea@incdsb.ro has accessed https://insblue.tunnelto.dev/static/dist/js/insblu.js
2025-05-06 21:08:16,567 [INFO] auth_manager::auth_manager(L91): User eduard.milea@incdsb.ro has accessed https://insblue.tunnelto.dev/
2025-05-06 21:08:16,997 [INFO] auth_manager::auth_manager(L91): User eduard.milea@incdsb.ro has accessed https://insblue.tunnelto.dev/assets/core/dist/css/main.css
2025-05-06 21:08:17,390 [INFO] auth_manager::auth_manager(L91): User eduard.milea@incdsb.ro has accessed https://insblue.tunnelto.dev/static/dist/js/insblu.js
2025-05-06 21:20:08,148 [INFO] auth_manager::auth_manager(L91): User eduard.milea@incdsb.ro has accessed https://insblue.tunnelto.dev/
2025-05-06 21:20:08,736 [INFO] auth_manager::auth_manager(L91): User eduard.milea@incdsb.ro has accessed https://insblue.tunnelto.dev/assets/core/dist/css/main.css
2025-05-06 21:20:08,745 [INFO] auth_manager::auth_manager(L91): User eduard.milea@incdsb.ro has accessed https://insblue.tunnelto.dev/assets/dist/css/filestash.css
2025-05-06 21:20:09,223 [INFO] auth_manager::auth_manager(L91): User eduard.milea@incdsb.ro has accessed https://insblue.tunnelto.dev/static/dist/js/insblu.js
2025-05-06 21:21:41,561 [INFO] auth_manager::auth_manager(L91): User eduard.milea@incdsb.ro has accessed https://insblue.tunnelto.dev/
2025-05-06 21:21:42,000 [INFO] auth_manager::auth_manager(L91): User eduard.milea@incdsb.ro has accessed https://insblue.tunnelto.dev/assets/dist/css/filestash.css
2025-05-06 21:21:42,350 [INFO] auth_manager::auth_manager(L91): User eduard.milea@incdsb.ro has accessed https://insblue.tunnelto.dev/static/dist/js/insblu.js
2025-05-06 21:21:49,785 [INFO] auth_manager::auth_manager(L91): User eduard.milea@incdsb.ro has accessed https://insblue.tunnelto.dev/assets/core/dist/css/main.css
2025-05-06 21:22:04,340 [INFO] auth_manager::auth_manager(L125): eduard.milea@incdsb.ro logged in successfully
2025-05-06 21:22:04,632 [INFO] auth_manager::auth_manager(L91): User eduard.milea@incdsb.ro has accessed https://insblue.tunnelto.dev/
2025-05-06 21:22:05,108 [INFO] auth_manager::auth_manager(L91): User eduard.milea@incdsb.ro has accessed https://insblue.tunnelto.dev/assets/dist/css/filestash.css
2025-05-06 21:22:05,124 [INFO] auth_manager::auth_manager(L91): User eduard.milea@incdsb.ro has accessed https://insblue.tunnelto.dev/assets/core/dist/css/main.css
2025-05-06 21:22:06,014 [INFO] auth_manager::auth_manager(L91): User eduard.milea@incdsb.ro has accessed https://insblue.tunnelto.dev/static/dist/js/insblu.js
2025-05-06 21:22:44,176 [INFO] auth_manager::auth_manager(L91): User eduard.milea@incdsb.ro has accessed https://insblue.tunnelto.dev/
2025-05-06 21:22:44,635 [INFO] auth_manager::auth_manager(L91): User eduard.milea@incdsb.ro has accessed https://insblue.tunnelto.dev/assets/dist/css/filestash.css
2025-05-06 21:22:44,646 [INFO] auth_manager::auth_manager(L91): User eduard.milea@incdsb.ro has accessed https://insblue.tunnelto.dev/assets/core/dist/css/main.css
2025-05-06 21:22:45,262 [INFO] auth_manager::auth_manager(L91): User eduard.milea@incdsb.ro has accessed https://insblue.tunnelto.dev/static/dist/js/insblu.js
2025-05-06 21:22:55,710 [INFO] auth_manager::auth_manager(L91): User eduard.milea@incdsb.ro has accessed https://insblue.tunnelto.dev/
2025-05-06 21:22:56,166 [INFO] auth_manager::auth_manager(L91): User eduard.milea@incdsb.ro has accessed https://insblue.tunnelto.dev/assets/dist/css/filestash.css
2025-05-06 21:22:56,180 [INFO] auth_manager::auth_manager(L91): User eduard.milea@incdsb.ro has accessed https://insblue.tunnelto.dev/assets/core/dist/css/main.css
2025-05-06 21:22:56,691 [INFO] auth_manager::auth_manager(L91): User eduard.milea@incdsb.ro has accessed https://insblue.tunnelto.dev/static/dist/js/insblu.js
2025-05-06 21:23:00,384 [INFO] auth_manager::auth_manager(L91): User eduard.milea@incdsb.ro has accessed https://insblue.tunnelto.dev/
2025-05-06 21:23:00,837 [INFO] auth_manager::auth_manager(L91): User eduard.milea@incdsb.ro has accessed https://insblue.tunnelto.dev/assets/dist/css/filestash.css
2025-05-06 21:23:00,847 [INFO] auth_manager::auth_manager(L91): User eduard.milea@incdsb.ro has accessed https://insblue.tunnelto.dev/assets/core/dist/css/main.css
2025-05-06 21:23:01,699 [INFO] auth_manager::auth_manager(L91): User eduard.milea@incdsb.ro has accessed https://insblue.tunnelto.dev/static/dist/js/insblu.js
2025-05-06 21:23:09,545 [INFO] auth_manager::auth_manager(L91): User eduard.milea@incdsb.ro has accessed https://insblue.tunnelto.dev/
2025-05-06 21:23:10,011 [INFO] auth_manager::auth_manager(L91): User eduard.milea@incdsb.ro has accessed https://insblue.tunnelto.dev/assets/dist/css/filestash.css
2025-05-06 21:23:10,024 [INFO] auth_manager::auth_manager(L91): User eduard.milea@incdsb.ro has accessed https://insblue.tunnelto.dev/assets/core/dist/css/main.css
2025-05-06 21:23:10,528 [INFO] auth_manager::auth_manager(L91): User eduard.milea@incdsb.ro has accessed https://insblue.tunnelto.dev/static/dist/js/insblu.js
2025-05-06 21:23:18,287 [INFO] auth_manager::auth_manager(L91): User eduard.milea@incdsb.ro has accessed https://insblue.tunnelto.dev/
2025-05-06 21:23:18,895 [INFO] auth_manager::auth_manager(L91): User eduard.milea@incdsb.ro has accessed https://insblue.tunnelto.dev/assets/dist/css/filestash.css
2025-05-06 21:23:18,907 [INFO] auth_manager::auth_manager(L91): User eduard.milea@incdsb.ro has accessed https://insblue.tunnelto.dev/assets/core/dist/css/main.css
2025-05-06 21:23:19,417 [INFO] auth_manager::auth_manager(L91): User eduard.milea@incdsb.ro has accessed https://insblue.tunnelto.dev/static/dist/js/insblu.js
2025-05-06 21:23:25,850 [INFO] auth_manager::auth_manager(L91): User eduard.milea@incdsb.ro has accessed https://insblue.tunnelto.dev/
2025-05-06 21:23:26,313 [INFO] auth_manager::auth_manager(L91): User eduard.milea@incdsb.ro has accessed https://insblue.tunnelto.dev/assets/core/dist/css/main.css
2025-05-06 21:23:26,326 [INFO] auth_manager::auth_manager(L91): User eduard.milea@incdsb.ro has accessed https://insblue.tunnelto.dev/assets/dist/css/filestash.css
2025-05-06 21:23:26,828 [INFO] auth_manager::auth_manager(L91): User eduard.milea@incdsb.ro has accessed https://insblue.tunnelto.dev/static/dist/js/insblu.js
2025-05-06 21:24:43,392 [INFO] auth_manager::auth_manager(L91): User eduard.milea@incdsb.ro has accessed https://insblue.tunnelto.dev/
2025-05-06 21:24:43,863 [INFO] auth_manager::auth_manager(L91): User eduard.milea@incdsb.ro has accessed https://insblue.tunnelto.dev/assets/core/dist/css/main.css
2025-05-06 21:24:43,875 [INFO] auth_manager::auth_manager(L91): User eduard.milea@incdsb.ro has accessed https://insblue.tunnelto.dev/assets/dist/css/filestash.css
2025-05-06 21:24:44,508 [INFO] auth_manager::auth_manager(L91): User eduard.milea@incdsb.ro has accessed https://insblue.tunnelto.dev/static/dist/js/insblu.js
2025-05-06 21:25:10,317 [INFO] auth_manager::auth_manager(L91): User eduard.milea@incdsb.ro has accessed https://insblue.tunnelto.dev/
2025-05-06 21:25:10,813 [INFO] auth_manager::auth_manager(L91): User eduard.milea@incdsb.ro has accessed https://insblue.tunnelto.dev/assets/core/dist/css/main.css
2025-05-06 21:25:10,826 [INFO] auth_manager::auth_manager(L91): User eduard.milea@incdsb.ro has accessed https://insblue.tunnelto.dev/assets/dist/css/filestash.css
2025-05-06 21:25:11,303 [INFO] auth_manager::auth_manager(L91): User eduard.milea@incdsb.ro has accessed https://insblue.tunnelto.dev/static/dist/js/insblu.js
2025-05-06 21:25:13,166 [INFO] auth_manager::auth_manager(L91): User eduard.milea@incdsb.ro has accessed https://insblue.tunnelto.dev/
2025-05-06 21:25:13,616 [INFO] auth_manager::auth_manager(L91): User eduard.milea@incdsb.ro has accessed https://insblue.tunnelto.dev/assets/core/dist/css/main.css
2025-05-06 21:25:13,630 [INFO] auth_manager::auth_manager(L91): User eduard.milea@incdsb.ro has accessed https://insblue.tunnelto.dev/assets/dist/css/filestash.css
2025-05-06 21:25:14,174 [INFO] auth_manager::auth_manager(L91): User eduard.milea@incdsb.ro has accessed https://insblue.tunnelto.dev/static/dist/js/insblu.js
2025-05-06 21:25:22,609 [INFO] auth_manager::auth_manager(L91): User eduard.milea@incdsb.ro has accessed https://insblue.tunnelto.dev/
2025-05-06 21:25:23,061 [INFO] auth_manager::auth_manager(L91): User eduard.milea@incdsb.ro has accessed https://insblue.tunnelto.dev/assets/dist/css/filestash.css
2025-05-06 21:25:23,075 [INFO] auth_manager::auth_manager(L91): User eduard.milea@incdsb.ro has accessed https://insblue.tunnelto.dev/assets/core/dist/css/main.css
2025-05-06 21:25:23,641 [INFO] auth_manager::auth_manager(L91): User eduard.milea@incdsb.ro has accessed https://insblue.tunnelto.dev/static/dist/js/insblu.js
2025-05-06 21:25:25,872 [INFO] auth_manager::auth_manager(L91): User eduard.milea@incdsb.ro has accessed https://insblue.tunnelto.dev/
2025-05-06 21:25:26,330 [INFO] auth_manager::auth_manager(L91): User eduard.milea@incdsb.ro has accessed https://insblue.tunnelto.dev/assets/dist/css/filestash.css
2025-05-06 21:25:26,342 [INFO] auth_manager::auth_manager(L91): User eduard.milea@incdsb.ro has accessed https://insblue.tunnelto.dev/assets/core/dist/css/main.css
2025-05-06 21:25:27,036 [INFO] auth_manager::auth_manager(L91): User eduard.milea@incdsb.ro has accessed https://insblue.tunnelto.dev/static/dist/js/insblu.js
2025-05-06 21:25:27,402 [INFO] auth_manager::auth_manager(L91): User eduard.milea@incdsb.ro has accessed https://insblue.tunnelto.dev/favicon.ico
2025-05-06 21:25:33,199 [INFO] auth_manager::auth_manager(L91): User eduard.milea@incdsb.ro has accessed https://insblue.tunnelto.dev/
2025-05-06 21:25:33,663 [INFO] auth_manager::auth_manager(L91): User eduard.milea@incdsb.ro has accessed https://insblue.tunnelto.dev/assets/core/dist/css/main.css
2025-05-06 21:25:33,683 [INFO] auth_manager::auth_manager(L91): User eduard.milea@incdsb.ro has accessed https://insblue.tunnelto.dev/assets/dist/css/filestash.css
2025-05-06 21:25:34,218 [INFO] auth_manager::auth_manager(L91): User eduard.milea@incdsb.ro has accessed https://insblue.tunnelto.dev/static/dist/js/insblu.js
2025-05-06 21:25:35,975 [INFO] auth_manager::auth_manager(L91): User eduard.milea@incdsb.ro has accessed https://insblue.tunnelto.dev/
2025-05-06 21:25:36,436 [INFO] auth_manager::auth_manager(L91): User eduard.milea@incdsb.ro has accessed https://insblue.tunnelto.dev/assets/dist/css/filestash.css
2025-05-06 21:25:36,449 [INFO] auth_manager::auth_manager(L91): User eduard.milea@incdsb.ro has accessed https://insblue.tunnelto.dev/assets/core/dist/css/main.css
2025-05-06 21:25:36,938 [INFO] auth_manager::auth_manager(L91): User eduard.milea@incdsb.ro has accessed https://insblue.tunnelto.dev/static/dist/js/insblu.js
2025-05-06 21:25:38,592 [INFO] auth_manager::auth_manager(L91): User eduard.milea@incdsb.ro has accessed https://insblue.tunnelto.dev/
2025-05-06 21:25:39,100 [INFO] auth_manager::auth_manager(L91): User eduard.milea@incdsb.ro has accessed https://insblue.tunnelto.dev/assets/core/dist/css/main.css
2025-05-06 21:25:39,119 [INFO] auth_manager::auth_manager(L91): User eduard.milea@incdsb.ro has accessed https://insblue.tunnelto.dev/assets/dist/css/filestash.css
2025-05-06 21:25:39,892 [INFO] auth_manager::auth_manager(L91): User eduard.milea@incdsb.ro has accessed https://insblue.tunnelto.dev/static/dist/js/insblu.js
2025-05-06 21:25:40,258 [INFO] auth_manager::auth_manager(L91): User eduard.milea@incdsb.ro has accessed https://insblue.tunnelto.dev/favicon.ico
2025-05-06 21:25:57,693 [INFO] auth_manager::auth_manager(L91): User eduard.milea@incdsb.ro has accessed https://insblue.tunnelto.dev/
2025-05-06 21:25:58,391 [INFO] auth_manager::auth_manager(L91): User eduard.milea@incdsb.ro has accessed https://insblue.tunnelto.dev/assets/dist/css/filestash.css
2025-05-06 21:25:58,400 [INFO] auth_manager::auth_manager(L91): User eduard.milea@incdsb.ro has accessed https://insblue.tunnelto.dev/assets/core/dist/css/main.css
2025-05-06 21:25:59,414 [INFO] auth_manager::auth_manager(L91): User eduard.milea@incdsb.ro has accessed https://insblue.tunnelto.dev/static/dist/js/insblu.js
2025-05-06 21:26:00,458 [INFO] auth_manager::auth_manager(L91): User eduard.milea@incdsb.ro has accessed https://insblue.tunnelto.dev/
2025-05-06 21:26:01,027 [INFO] auth_manager::auth_manager(L91): User eduard.milea@incdsb.ro has accessed https://insblue.tunnelto.dev/assets/core/dist/css/main.css
2025-05-06 21:26:01,331 [INFO] auth_manager::auth_manager(L91): User eduard.milea@incdsb.ro has accessed https://insblue.tunnelto.dev/assets/dist/css/filestash.css
2025-05-06 21:26:01,888 [INFO] auth_manager::auth_manager(L91): User eduard.milea@incdsb.ro has accessed https://insblue.tunnelto.dev/static/dist/js/insblu.js
2025-05-06 21:26:02,391 [INFO] auth_manager::auth_manager(L91): User eduard.milea@incdsb.ro has accessed https://insblue.tunnelto.dev/favicon.ico
2025-05-06 21:26:06,588 [INFO] auth_manager::auth_manager(L91): User eduard.milea@incdsb.ro has accessed https://insblue.tunnelto.dev/
2025-05-06 21:26:07,070 [INFO] auth_manager::auth_manager(L91): User eduard.milea@incdsb.ro has accessed https://insblue.tunnelto.dev/assets/core/dist/css/main.css
2025-05-06 21:26:07,229 [INFO] auth_manager::auth_manager(L91): User eduard.milea@incdsb.ro has accessed https://insblue.tunnelto.dev/assets/dist/css/filestash.css
2025-05-06 21:26:07,834 [INFO] auth_manager::auth_manager(L91): User eduard.milea@incdsb.ro has accessed https://insblue.tunnelto.dev/static/dist/js/insblu.js
2025-05-06 21:26:08,675 [INFO] auth_manager::auth_manager(L91): User eduard.milea@incdsb.ro has accessed https://insblue.tunnelto.dev/favicon.ico
2025-05-06 21:26:09,607 [INFO] auth_manager::auth_manager(L91): User eduard.milea@incdsb.ro has accessed https://insblue.tunnelto.dev/
2025-05-06 21:26:10,308 [INFO] auth_manager::auth_manager(L91): User eduard.milea@incdsb.ro has accessed https://insblue.tunnelto.dev/assets/core/dist/css/main.css
2025-05-06 21:26:10,317 [INFO] auth_manager::auth_manager(L91): User eduard.milea@incdsb.ro has accessed https://insblue.tunnelto.dev/assets/dist/css/filestash.css
2025-05-06 21:26:11,216 [INFO] auth_manager::auth_manager(L91): User eduard.milea@incdsb.ro has accessed https://insblue.tunnelto.dev/static/dist/js/insblu.js
2025-05-06 21:26:55,653 [INFO] auth_manager::auth_manager(L91): User eduard.milea@incdsb.ro has accessed https://insblue.tunnelto.dev/
2025-05-06 21:26:56,224 [INFO] auth_manager::auth_manager(L91): User eduard.milea@incdsb.ro has accessed https://insblue.tunnelto.dev/assets/core/dist/css/main.css
2025-05-06 21:26:56,296 [INFO] auth_manager::auth_manager(L91): User eduard.milea@incdsb.ro has accessed https://insblue.tunnelto.dev/assets/dist/css/filestash.css
2025-05-06 21:26:57,968 [INFO] auth_manager::auth_manager(L91): User eduard.milea@incdsb.ro has accessed https://insblue.tunnelto.dev/
2025-05-06 21:26:58,473 [INFO] auth_manager::auth_manager(L91): User eduard.milea@incdsb.ro has accessed https://insblue.tunnelto.dev/assets/dist/css/filestash.css
2025-05-06 21:26:58,542 [INFO] auth_manager::auth_manager(L91): User eduard.milea@incdsb.ro has accessed https://insblue.tunnelto.dev/assets/core/dist/css/main.css
2025-05-06 21:26:59,248 [INFO] auth_manager::auth_manager(L91): User eduard.milea@incdsb.ro has accessed https://insblue.tunnelto.dev/static/dist/js/insblu.js
2025-05-06 21:26:59,645 [INFO] auth_manager::auth_manager(L91): User eduard.milea@incdsb.ro has accessed https://insblue.tunnelto.dev/favicon.ico
2025-05-06 21:27:26,999 [INFO] auth_manager::auth_manager(L91): User eduard.milea@incdsb.ro has accessed https://insblue.tunnelto.dev/
2025-05-06 21:27:27,493 [INFO] auth_manager::auth_manager(L91): User eduard.milea@incdsb.ro has accessed https://insblue.tunnelto.dev/assets/core/dist/css/main.css
2025-05-06 21:27:27,567 [INFO] auth_manager::auth_manager(L91): User eduard.milea@incdsb.ro has accessed https://insblue.tunnelto.dev/assets/dist/css/filestash.css
2025-05-06 21:27:28,149 [INFO] auth_manager::auth_manager(L91): User eduard.milea@incdsb.ro has accessed https://insblue.tunnelto.dev/static/dist/js/insblu.js
2025-05-06 21:27:29,057 [INFO] auth_manager::auth_manager(L91): User eduard.milea@incdsb.ro has accessed https://insblue.tunnelto.dev/
2025-05-06 21:27:29,584 [INFO] auth_manager::auth_manager(L91): User eduard.milea@incdsb.ro has accessed https://insblue.tunnelto.dev/assets/dist/css/filestash.css
2025-05-06 21:27:29,658 [INFO] auth_manager::auth_manager(L91): User eduard.milea@incdsb.ro has accessed https://insblue.tunnelto.dev/assets/core/dist/css/main.css
2025-05-06 21:27:30,362 [INFO] auth_manager::auth_manager(L91): User eduard.milea@incdsb.ro has accessed https://insblue.tunnelto.dev/static/dist/js/insblu.js
2025-05-06 21:27:30,760 [INFO] auth_manager::auth_manager(L91): User eduard.milea@incdsb.ro has accessed https://insblue.tunnelto.dev/favicon.ico
2025-05-06 21:28:29,129 [INFO] auth_manager::auth_manager(L91): User eduard.milea@incdsb.ro has accessed https://insblue.tunnelto.dev/
2025-05-06 21:28:29,629 [INFO] auth_manager::auth_manager(L91): User eduard.milea@incdsb.ro has accessed https://insblue.tunnelto.dev/assets/core/dist/css/main.css
2025-05-06 21:28:29,703 [INFO] auth_manager::auth_manager(L91): User eduard.milea@incdsb.ro has accessed https://insblue.tunnelto.dev/assets/dist/css/filestash.css
2025-05-06 21:28:30,231 [INFO] auth_manager::auth_manager(L91): User eduard.milea@incdsb.ro has accessed https://insblue.tunnelto.dev/static/dist/js/insblu.js
2025-05-06 21:28:31,754 [INFO] auth_manager::auth_manager(L91): User eduard.milea@incdsb.ro has accessed https://insblue.tunnelto.dev/
2025-05-06 21:28:32,242 [INFO] auth_manager::auth_manager(L91): User eduard.milea@incdsb.ro has accessed https://insblue.tunnelto.dev/assets/dist/css/filestash.css
2025-05-06 21:28:32,317 [INFO] auth_manager::auth_manager(L91): User eduard.milea@incdsb.ro has accessed https://insblue.tunnelto.dev/assets/core/dist/css/main.css
2025-05-06 21:28:32,994 [INFO] auth_manager::auth_manager(L91): User eduard.milea@incdsb.ro has accessed https://insblue.tunnelto.dev/static/dist/js/insblu.js
2025-05-06 21:28:33,382 [INFO] auth_manager::auth_manager(L91): User eduard.milea@incdsb.ro has accessed https://insblue.tunnelto.dev/favicon.ico
2025-05-06 21:28:40,801 [INFO] auth_manager::auth_manager(L91): User eduard.milea@incdsb.ro has accessed https://insblue.tunnelto.dev/
2025-05-06 21:28:41,298 [INFO] auth_manager::auth_manager(L91): User eduard.milea@incdsb.ro has accessed https://insblue.tunnelto.dev/assets/dist/css/filestash.css
2025-05-06 21:28:41,373 [INFO] auth_manager::auth_manager(L91): User eduard.milea@incdsb.ro has accessed https://insblue.tunnelto.dev/assets/core/dist/css/main.css
2025-05-06 21:28:42,049 [INFO] auth_manager::auth_manager(L91): User eduard.milea@incdsb.ro has accessed https://insblue.tunnelto.dev/static/dist/js/insblu.js
2025-05-06 21:28:42,468 [INFO] auth_manager::auth_manager(L91): User eduard.milea@incdsb.ro has accessed https://insblue.tunnelto.dev/favicon.ico
2025-05-06 21:28:51,859 [INFO] auth_manager::auth_manager(L91): User eduard.milea@incdsb.ro has accessed https://insblue.tunnelto.dev/
2025-05-06 21:28:52,356 [INFO] auth_manager::auth_manager(L91): User eduard.milea@incdsb.ro has accessed https://insblue.tunnelto.dev/assets/core/dist/css/main.css
2025-05-06 21:28:52,429 [INFO] auth_manager::auth_manager(L91): User eduard.milea@incdsb.ro has accessed https://insblue.tunnelto.dev/assets/dist/css/filestash.css
2025-05-06 21:28:53,028 [INFO] auth_manager::auth_manager(L91): User eduard.milea@incdsb.ro has accessed https://insblue.tunnelto.dev/static/dist/js/insblu.js
2025-05-06 21:28:53,443 [INFO] auth_manager::auth_manager(L91): User eduard.milea@incdsb.ro has accessed https://insblue.tunnelto.dev/favicon.ico
2025-05-06 21:28:59,103 [INFO] auth_manager::auth_manager(L91): User eduard.milea@incdsb.ro has accessed https://insblue.tunnelto.dev/
2025-05-06 21:28:59,610 [INFO] auth_manager::auth_manager(L91): User eduard.milea@incdsb.ro has accessed https://insblue.tunnelto.dev/assets/core/dist/css/main.css
2025-05-06 21:28:59,688 [INFO] auth_manager::auth_manager(L91): User eduard.milea@incdsb.ro has accessed https://insblue.tunnelto.dev/assets/dist/css/filestash.css
2025-05-06 21:29:00,241 [INFO] auth_manager::auth_manager(L91): User eduard.milea@incdsb.ro has accessed https://insblue.tunnelto.dev/static/dist/js/insblu.js
2025-05-06 21:29:00,701 [INFO] auth_manager::auth_manager(L91): User eduard.milea@incdsb.ro has accessed https://insblue.tunnelto.dev/favicon.ico
2025-05-06 21:29:07,264 [INFO] auth_manager::auth_manager(L91): User eduard.milea@incdsb.ro has accessed https://insblue.tunnelto.dev/
2025-05-06 21:29:07,828 [INFO] auth_manager::auth_manager(L91): User eduard.milea@incdsb.ro has accessed https://insblue.tunnelto.dev/assets/dist/css/filestash.css
2025-05-06 21:29:07,840 [INFO] auth_manager::auth_manager(L91): User eduard.milea@incdsb.ro has accessed https://insblue.tunnelto.dev/assets/core/dist/css/main.css
2025-05-06 21:29:08,789 [INFO] auth_manager::auth_manager(L91): User eduard.milea@incdsb.ro has accessed https://insblue.tunnelto.dev/static/dist/js/insblu.js
2025-05-06 21:29:09,198 [INFO] auth_manager::auth_manager(L91): User eduard.milea@incdsb.ro has accessed https://insblue.tunnelto.dev/favicon.ico
2025-05-06 21:29:14,038 [INFO] auth_manager::auth_manager(L91): User eduard.milea@incdsb.ro has accessed https://insblue.tunnelto.dev/
2025-05-06 21:29:14,541 [INFO] auth_manager::auth_manager(L91): User eduard.milea@incdsb.ro has accessed https://insblue.tunnelto.dev/assets/dist/css/filestash.css
2025-05-06 21:29:14,611 [INFO] auth_manager::auth_manager(L91): User eduard.milea@incdsb.ro has accessed https://insblue.tunnelto.dev/assets/core/dist/css/main.css
2025-05-06 21:29:15,380 [INFO] auth_manager::auth_manager(L91): User eduard.milea@incdsb.ro has accessed https://insblue.tunnelto.dev/static/dist/js/insblu.js
2025-05-06 21:29:15,846 [INFO] auth_manager::auth_manager(L91): User eduard.milea@incdsb.ro has accessed https://insblue.tunnelto.dev/favicon.ico
2025-05-06 21:32:27,710 [INFO] auth_manager::auth_manager(L91): User eduard.milea@incdsb.ro has accessed https://insblue.tunnelto.dev/
2025-05-06 21:32:28,396 [INFO] auth_manager::auth_manager(L91): User eduard.milea@incdsb.ro has accessed https://insblue.tunnelto.dev/assets/dist/css/filestash.css
2025-05-06 21:32:28,560 [INFO] auth_manager::auth_manager(L91): User eduard.milea@incdsb.ro has accessed https://insblue.tunnelto.dev/assets/core/dist/css/main.css
2025-05-06 21:32:29,461 [INFO] auth_manager::auth_manager(L91): User eduard.milea@incdsb.ro has accessed https://insblue.tunnelto.dev/static/dist/js/insblu.js
2025-05-06 21:32:30,723 [INFO] auth_manager::auth_manager(L91): User eduard.milea@incdsb.ro has accessed https://insblue.tunnelto.dev/
2025-05-06 21:32:31,244 [INFO] auth_manager::auth_manager(L91): User eduard.milea@incdsb.ro has accessed https://insblue.tunnelto.dev/assets/dist/css/filestash.css
2025-05-06 21:32:31,361 [INFO] auth_manager::auth_manager(L91): User eduard.milea@incdsb.ro has accessed https://insblue.tunnelto.dev/assets/core/dist/css/main.css
2025-05-06 21:32:32,084 [INFO] auth_manager::auth_manager(L91): User eduard.milea@incdsb.ro has accessed https://insblue.tunnelto.dev/static/dist/js/insblu.js
2025-05-06 21:32:32,507 [INFO] auth_manager::auth_manager(L91): User eduard.milea@incdsb.ro has accessed https://insblue.tunnelto.dev/favicon.ico
2025-05-06 21:32:49,672 [INFO] auth_manager::auth_manager(L91): User eduard.milea@incdsb.ro has accessed https://insblue.tunnelto.dev/
2025-05-06 21:32:50,204 [INFO] auth_manager::auth_manager(L91): User eduard.milea@incdsb.ro has accessed https://insblue.tunnelto.dev/assets/dist/css/filestash.css
2025-05-06 21:32:50,309 [INFO] auth_manager::auth_manager(L91): User eduard.milea@incdsb.ro has accessed https://insblue.tunnelto.dev/assets/core/dist/css/main.css
2025-05-06 21:32:51,218 [INFO] auth_manager::auth_manager(L91): User eduard.milea@incdsb.ro has accessed https://insblue.tunnelto.dev/static/dist/js/insblu.js
2025-05-06 21:33:04,567 [INFO] auth_manager::auth_manager(L91): User eduard.milea@incdsb.ro has accessed https://insblue.tunnelto.dev/
2025-05-06 21:33:05,104 [INFO] auth_manager::auth_manager(L91): User eduard.milea@incdsb.ro has accessed https://insblue.tunnelto.dev/assets/core/dist/css/main.css
2025-05-06 21:33:05,218 [INFO] auth_manager::auth_manager(L91): User eduard.milea@incdsb.ro has accessed https://insblue.tunnelto.dev/assets/dist/css/filestash.css
2025-05-06 21:33:05,803 [INFO] auth_manager::auth_manager(L91): User eduard.milea@incdsb.ro has accessed https://insblue.tunnelto.dev/static/dist/js/insblu.js
2025-05-06 21:33:21,265 [INFO] auth_manager::auth_manager(L91): User eduard.milea@incdsb.ro has accessed https://insblue.tunnelto.dev/
2025-05-06 21:33:21,778 [INFO] auth_manager::auth_manager(L91): User eduard.milea@incdsb.ro has accessed https://insblue.tunnelto.dev/assets/dist/css/filestash.css
2025-05-06 21:33:21,907 [INFO] auth_manager::auth_manager(L91): User eduard.milea@incdsb.ro has accessed https://insblue.tunnelto.dev/assets/core/dist/css/main.css
2025-05-06 21:33:22,670 [INFO] auth_manager::auth_manager(L91): User eduard.milea@incdsb.ro has accessed https://insblue.tunnelto.dev/static/dist/js/insblu.js
2025-05-06 21:35:39,361 [INFO] auth_manager::auth_manager(L91): User eduard.milea@incdsb.ro has accessed https://insblue.tunnelto.dev/view/testfolder
2025-05-06 21:35:43,470 [INFO] auth_manager::auth_manager(L91): User eduard.milea@incdsb.ro has accessed https://insblue.tunnelto.dev/assets/dist/css/filestash.css
2025-05-06 21:35:43,597 [INFO] auth_manager::auth_manager(L91): User eduard.milea@incdsb.ro has accessed https://insblue.tunnelto.dev/assets/core/dist/css/main.css
2025-05-06 21:35:47,450 [INFO] auth_manager::auth_manager(L91): User eduard.milea@incdsb.ro has accessed https://insblue.tunnelto.dev/?view=testfolder
2025-05-06 21:35:47,953 [INFO] auth_manager::auth_manager(L91): User eduard.milea@incdsb.ro has accessed https://insblue.tunnelto.dev/assets/dist/css/filestash.css
2025-05-06 21:35:48,046 [INFO] auth_manager::auth_manager(L91): User eduard.milea@incdsb.ro has accessed https://insblue.tunnelto.dev/assets/core/dist/css/main.css
2025-05-06 21:36:04,053 [INFO] auth_manager::auth_manager(L91): User eduard.milea@incdsb.ro has accessed https://insblue.tunnelto.dev/?view=/view/testfolder
2025-05-06 21:36:04,569 [INFO] auth_manager::auth_manager(L91): User eduard.milea@incdsb.ro has accessed https://insblue.tunnelto.dev/assets/core/dist/css/main.css
2025-05-06 21:36:04,656 [INFO] auth_manager::auth_manager(L91): User eduard.milea@incdsb.ro has accessed https://insblue.tunnelto.dev/assets/dist/css/filestash.css
2025-05-06 21:36:05,585 [INFO] auth_manager::auth_manager(L91): User eduard.milea@incdsb.ro has accessed https://insblue.tunnelto.dev/static/dist/js/insblu.js
2025-05-06 21:38:37,531 [INFO] auth_manager::auth_manager(L91): User eduard.milea@incdsb.ro has accessed https://insblue.tunnelto.dev/view/testfolder
2025-05-06 21:38:51,352 [INFO] auth_manager::auth_manager(L91): User eduard.milea@incdsb.ro has accessed https://insblue.tunnelto.dev/testfolder
2025-05-06 21:38:51,924 [INFO] auth_manager::auth_manager(L91): User eduard.milea@incdsb.ro has accessed https://insblue.tunnelto.dev/assets/dist/css/filestash.css
2025-05-06 21:38:52,065 [INFO] auth_manager::auth_manager(L91): User eduard.milea@incdsb.ro has accessed https://insblue.tunnelto.dev/assets/core/dist/css/main.css
2025-05-06 21:38:57,659 [INFO] auth_manager::auth_manager(L91): User eduard.milea@incdsb.ro has accessed https://insblue.tunnelto.dev/assets/core/dist/css/main.css
2025-05-06 21:38:57,778 [INFO] auth_manager::auth_manager(L91): User eduard.milea@incdsb.ro has accessed https://insblue.tunnelto.dev/assets/dist/css/filestash.css
2025-05-06 21:39:12,909 [INFO] auth_manager::auth_manager(L91): User eduard.milea@incdsb.ro has accessed https://insblue.tunnelto.dev/testfolder
2025-05-06 21:39:13,450 [INFO] auth_manager::auth_manager(L91): User eduard.milea@incdsb.ro has accessed https://insblue.tunnelto.dev/assets/core/dist/css/main.css
2025-05-06 21:39:13,558 [INFO] auth_manager::auth_manager(L91): User eduard.milea@incdsb.ro has accessed https://insblue.tunnelto.dev/assets/dist/css/filestash.css
2025-05-06 21:39:14,234 [INFO] auth_manager::auth_manager(L91): User eduard.milea@incdsb.ro has accessed https://insblue.tunnelto.dev/static/dist/js/insblu.js
2025-05-06 21:39:31,819 [INFO] auth_manager::auth_manager(L91): User eduard.milea@incdsb.ro has accessed https://insblue.tunnelto.dev/view/testfolder
2025-05-06 21:39:32,362 [INFO] auth_manager::auth_manager(L91): User eduard.milea@incdsb.ro has accessed https://insblue.tunnelto.dev/assets/core/dist/css/main.css
2025-05-06 21:39:32,478 [INFO] auth_manager::auth_manager(L91): User eduard.milea@incdsb.ro has accessed https://insblue.tunnelto.dev/assets/dist/css/filestash.css
2025-05-06 21:39:33,098 [INFO] auth_manager::auth_manager(L91): User eduard.milea@incdsb.ro has accessed https://insblue.tunnelto.dev/static/dist/js/insblu.js
2025-05-06 21:39:49,876 [INFO] auth_manager::auth_manager(L91): User eduard.milea@incdsb.ro has accessed https://insblue.tunnelto.dev/view/testfolder
2025-05-06 21:39:50,400 [INFO] auth_manager::auth_manager(L91): User eduard.milea@incdsb.ro has accessed https://insblue.tunnelto.dev/assets/dist/css/filestash.css
2025-05-06 21:39:50,530 [INFO] auth_manager::auth_manager(L91): User eduard.milea@incdsb.ro has accessed https://insblue.tunnelto.dev/assets/core/dist/css/main.css
2025-05-06 21:39:51,262 [INFO] auth_manager::auth_manager(L91): User eduard.milea@incdsb.ro has accessed https://insblue.tunnelto.dev/static/dist/js/insblu.js
2025-05-06 21:39:53,777 [INFO] auth_manager::auth_manager(L91): User eduard.milea@incdsb.ro has accessed https://insblue.tunnelto.dev/
2025-05-06 21:39:54,300 [INFO] auth_manager::auth_manager(L91): User eduard.milea@incdsb.ro has accessed https://insblue.tunnelto.dev/assets/core/dist/css/main.css
2025-05-06 21:39:54,992 [INFO] auth_manager::auth_manager(L91): User eduard.milea@incdsb.ro has accessed https://insblue.tunnelto.dev/static/dist/js/insblu.js
2025-05-06 21:39:56,143 [INFO] auth_manager::auth_manager(L91): User eduard.milea@incdsb.ro has accessed https://insblue.tunnelto.dev/
2025-05-06 21:39:56,651 [INFO] auth_manager::auth_manager(L91): User eduard.milea@incdsb.ro has accessed https://insblue.tunnelto.dev/assets/dist/css/filestash.css
2025-05-06 21:39:56,753 [INFO] auth_manager::auth_manager(L91): User eduard.milea@incdsb.ro has accessed https://insblue.tunnelto.dev/assets/core/dist/css/main.css
2025-05-06 21:39:57,566 [INFO] auth_manager::auth_manager(L91): User eduard.milea@incdsb.ro has accessed https://insblue.tunnelto.dev/static/dist/js/insblu.js
2025-05-06 21:47:20,559 [INFO] auth_manager::auth_manager(L91): User eduard.milea@incdsb.ro has accessed https://insblue.tunnelto.dev/static/dist/js/insblu.js
2025-05-06 21:47:38,017 [INFO] auth_manager::auth_manager(L91): User eduard.milea@incdsb.ro has accessed https://insblue.tunnelto.dev/
2025-05-06 21:47:38,917 [INFO] auth_manager::auth_manager(L91): User eduard.milea@incdsb.ro has accessed https://insblue.tunnelto.dev/assets/dist/css/filestash.css
2025-05-06 21:47:39,063 [INFO] auth_manager::auth_manager(L91): User eduard.milea@incdsb.ro has accessed https://insblue.tunnelto.dev/assets/core/dist/css/main.css
2025-05-06 21:47:39,821 [INFO] auth_manager::auth_manager(L91): User eduard.milea@incdsb.ro has accessed https://insblue.tunnelto.dev/static/dist/js/insblu.js
2025-05-06 21:49:00,612 [INFO] auth_manager::auth_manager(L91): User eduard.milea@incdsb.ro has accessed https://insblue.tunnelto.dev/assets/static/dist/js/insblu.js
2025-05-06 21:49:04,085 [INFO] auth_manager::auth_manager(L91): User eduard.milea@incdsb.ro has accessed https://insblue.tunnelto.dev/asset/static/dist/js/insblu.js
2025-05-06 21:49:05,374 [INFO] auth_manager::auth_manager(L91): User eduard.milea@incdsb.ro has accessed https://insblue.tunnelto.dev/asset/static/dist/js/insblu.js
2025-05-06 21:49:22,130 [INFO] auth_manager::auth_manager(L91): User eduard.milea@incdsb.ro has accessed https://insblue.tunnelto.dev/assets/dist/js/insblu.js
2025-05-06 21:49:35,368 [INFO] auth_manager::auth_manager(L91): User eduard.milea@incdsb.ro has accessed https://insblue.tunnelto.dev/assets/dist/css/filestash.css
2025-05-06 21:49:59,216 [INFO] auth_manager::auth_manager(L91): User eduard.milea@incdsb.ro has accessed https://insblue.tunnelto.dev/assets/js/
2025-05-06 21:50:03,242 [INFO] auth_manager::auth_manager(L91): User eduard.milea@incdsb.ro has accessed https://insblue.tunnelto.dev/assets/js/insblu.js
2025-05-06 21:51:26,037 [INFO] auth_manager::auth_manager(L91): User eduard.milea@incdsb.ro has accessed https://insblue.tunnelto.dev/assets/js/insblu.js
2025-05-06 21:52:07,071 [INFO] auth_manager::auth_manager(L91): User eduard.milea@incdsb.ro has accessed https://insblue.tunnelto.dev/assets/dist/js/insblu.js
2025-05-06 21:52:17,585 [INFO] auth_manager::auth_manager(L91): User eduard.milea@incdsb.ro has accessed https://insblue.tunnelto.dev/
2025-05-06 21:52:18,089 [INFO] auth_manager::auth_manager(L91): User eduard.milea@incdsb.ro has accessed https://insblue.tunnelto.dev/assets/dist/css/filestash.css
2025-05-06 21:52:18,618 [INFO] auth_manager::auth_manager(L91): User eduard.milea@incdsb.ro has accessed https://insblue.tunnelto.dev/static/dist/js/insblu.js
2025-05-06 21:52:38,559 [INFO] auth_manager::auth_manager(L91): User eduard.milea@incdsb.ro has accessed https://insblue.tunnelto.dev/static/dist/js/insblu.js
2025-05-06 21:53:43,979 [INFO] auth_manager::auth_manager(L91): User eduard.milea@incdsb.ro has accessed https://insblue.tunnelto.dev/static/dist/js/insblu.js
2025-05-06 21:53:44,335 [INFO] auth_manager::auth_manager(L91): User eduard.milea@incdsb.ro has accessed https://insblue.tunnelto.dev/assets/dist/js/insblu.js
2025-05-06 21:53:49,969 [INFO] auth_manager::auth_manager(L91): User eduard.milea@incdsb.ro has accessed https://insblue.tunnelto.dev/
2025-05-06 21:53:50,479 [INFO] auth_manager::auth_manager(L91): User eduard.milea@incdsb.ro has accessed https://insblue.tunnelto.dev/assets/dist/css/filestash.css
2025-05-06 21:53:50,565 [INFO] auth_manager::auth_manager(L91): User eduard.milea@incdsb.ro has accessed https://insblue.tunnelto.dev/assets/core/dist/css/main.css
2025-05-06 21:53:51,155 [INFO] auth_manager::auth_manager(L91): User eduard.milea@incdsb.ro has accessed https://insblue.tunnelto.dev/static/dist/js/insblu.js
2025-05-06 21:53:51,528 [INFO] auth_manager::auth_manager(L91): User eduard.milea@incdsb.ro has accessed https://insblue.tunnelto.dev/assets/dist/js/insblu.js
2025-05-06 21:53:53,462 [INFO] auth_manager::auth_manager(L91): User eduard.milea@incdsb.ro has accessed https://insblue.tunnelto.dev/
2025-05-06 21:53:53,977 [INFO] auth_manager::auth_manager(L91): User eduard.milea@incdsb.ro has accessed https://insblue.tunnelto.dev/assets/dist/css/filestash.css
2025-05-06 21:53:54,069 [INFO] auth_manager::auth_manager(L91): User eduard.milea@incdsb.ro has accessed https://insblue.tunnelto.dev/assets/core/dist/css/main.css
2025-05-06 21:53:54,666 [INFO] auth_manager::auth_manager(L91): User eduard.milea@incdsb.ro has accessed https://insblue.tunnelto.dev/static/dist/js/insblu.js
2025-05-06 21:53:55,037 [INFO] auth_manager::auth_manager(L91): User eduard.milea@incdsb.ro has accessed https://insblue.tunnelto.dev/assets/dist/js/insblu.js
2025-05-06 21:55:07,100 [INFO] auth_manager::auth_manager(L91): User eduard.milea@incdsb.ro has accessed https://insblue.tunnelto.dev/assets/dist/js/insblu.js
2025-05-06 21:55:54,162 [INFO] auth_manager::auth_manager(L91): User eduard.milea@incdsb.ro has accessed https://insblue.tunnelto.dev/?view=/files/testfolder/
2025-05-06 21:55:54,808 [INFO] auth_manager::auth_manager(L91): User eduard.milea@incdsb.ro has accessed https://insblue.tunnelto.dev/assets/dist/css/filestash.css
2025-05-06 21:55:54,893 [INFO] auth_manager::auth_manager(L91): User eduard.milea@incdsb.ro has accessed https://insblue.tunnelto.dev/assets/core/dist/css/main.css
2025-05-06 21:55:55,666 [INFO] auth_manager::auth_manager(L91): User eduard.milea@incdsb.ro has accessed https://insblue.tunnelto.dev/static/dist/js/insblu.js
2025-05-06 21:55:56,092 [INFO] auth_manager::auth_manager(L91): User eduard.milea@incdsb.ro has accessed https://insblue.tunnelto.dev/assets/dist/js/insblu.js
2025-05-06 21:56:52,743 [INFO] auth_manager::auth_manager(L91): User eduard.milea@incdsb.ro has accessed https://insblue.tunnelto.dev/?view=/files/
2025-05-06 21:56:53,338 [INFO] auth_manager::auth_manager(L91): User eduard.milea@incdsb.ro has accessed https://insblue.tunnelto.dev/assets/dist/css/filestash.css
2025-05-06 21:56:53,491 [INFO] auth_manager::auth_manager(L91): User eduard.milea@incdsb.ro has accessed https://insblue.tunnelto.dev/assets/core/dist/css/main.css
2025-05-06 21:56:54,214 [INFO] auth_manager::auth_manager(L91): User eduard.milea@incdsb.ro has accessed https://insblue.tunnelto.dev/static/dist/js/insblu.js
2025-05-06 21:56:54,687 [INFO] auth_manager::auth_manager(L91): User eduard.milea@incdsb.ro has accessed https://insblue.tunnelto.dev/assets/dist/js/insblu.js
2025-05-06 21:56:57,337 [INFO] auth_manager::auth_manager(L91): User eduard.milea@incdsb.ro has accessed https://insblue.tunnelto.dev/?loc=/files/
2025-05-06 21:57:01,362 [INFO] auth_manager::auth_manager(L91): User eduard.milea@incdsb.ro has accessed https://insblue.tunnelto.dev/assets/dist/css/filestash.css
2025-05-06 21:57:01,479 [INFO] auth_manager::auth_manager(L91): User eduard.milea@incdsb.ro has accessed https://insblue.tunnelto.dev/assets/core/dist/css/main.css
2025-05-06 21:57:15,192 [INFO] auth_manager::auth_manager(L91): User eduard.milea@incdsb.ro has accessed https://insblue.tunnelto.dev/?view=/files/
2025-05-06 21:57:15,727 [INFO] auth_manager::auth_manager(L91): User eduard.milea@incdsb.ro has accessed https://insblue.tunnelto.dev/assets/dist/css/filestash.css
2025-05-06 21:57:15,826 [INFO] auth_manager::auth_manager(L91): User eduard.milea@incdsb.ro has accessed https://insblue.tunnelto.dev/assets/core/dist/css/main.css
2025-05-06 21:57:16,608 [INFO] auth_manager::auth_manager(L91): User eduard.milea@incdsb.ro has accessed https://insblue.tunnelto.dev/static/dist/js/insblu.js
2025-05-06 21:57:16,982 [INFO] auth_manager::auth_manager(L91): User eduard.milea@incdsb.ro has accessed https://insblue.tunnelto.dev/assets/dist/js/insblu.js
2025-05-06 21:57:40,623 [INFO] auth_manager::auth_manager(L91): User eduard.milea@incdsb.ro has accessed https://insblue.tunnelto.dev/?loc=/view/DANUBIUS-RI.pdf
2025-05-06 21:57:41,148 [INFO] auth_manager::auth_manager(L91): User eduard.milea@incdsb.ro has accessed https://insblue.tunnelto.dev/assets/dist/css/filestash.css
2025-05-06 21:57:41,243 [INFO] auth_manager::auth_manager(L91): User eduard.milea@incdsb.ro has accessed https://insblue.tunnelto.dev/assets/core/dist/css/main.css
2025-05-06 21:57:41,984 [INFO] auth_manager::auth_manager(L91): User eduard.milea@incdsb.ro has accessed https://insblue.tunnelto.dev/static/dist/js/insblu.js
2025-05-06 21:57:42,360 [INFO] auth_manager::auth_manager(L91): User eduard.milea@incdsb.ro has accessed https://insblue.tunnelto.dev/assets/dist/js/insblu.js
